The system is: Linux - 5.4.0-148-generic - x86_64
Compiling the C compiler identification source file "CMakeCCompilerId.c" succeeded.
Compiler: /usr/bin/cc 
Build flags: 
Id flags:  

The output was:
0


Compilation of the C compiler identification source "CMakeCCompilerId.c" produced "a.out"

The C compiler identification is GNU, found in "/home/jason/Desktop/Work5-SDR/libiio-android/android-libiio/build/CMakeFiles/3.10.2/CompilerIdC/a.out"

Determining if the C compiler works passed with the following output:
Change Dir: /home/jason/Desktop/Work5-SDR/libiio-android/android-libiio/build/CMakeFiles/CMakeTmp

Run Build Command:"/usr/bin/make" "cmTC_a0dfd/fast"
/usr/bin/make -f CMakeFiles/cmTC_a0dfd.dir/build.make CMakeFiles/cmTC_a0dfd.dir/build
make[1]: Entering directory '/home/jason/Desktop/Work5-SDR/libiio-android/android-libiio/build/CMakeFiles/CMakeTmp'
Building C object CMakeFiles/cmTC_a0dfd.dir/testCCompiler.c.o
/usr/bin/cc    -o CMakeFiles/cmTC_a0dfd.dir/testCCompiler.c.o   -c /home/jason/Desktop/Work5-SDR/libiio-android/android-libiio/build/CMakeFiles/CMakeTmp/testCCompiler.c
Linking C executable cmTC_a0dfd
/usr/bin/cmake -E cmake_link_script CMakeFiles/cmTC_a0dfd.dir/link.txt --verbose=1
/usr/bin/cc      -rdynamic CMakeFiles/cmTC_a0dfd.dir/testCCompiler.c.o  -o cmTC_a0dfd 
make[1]: Leaving directory '/home/jason/Desktop/Work5-SDR/libiio-android/android-libiio/build/CMakeFiles/CMakeTmp'


Detecting C compiler ABI info compiled with the following output:
Change Dir: /home/jason/Desktop/Work5-SDR/libiio-android/android-libiio/build/CMakeFiles/CMakeTmp

Run Build Command:"/usr/bin/make" "cmTC_e36f1/fast"
/usr/bin/make -f CMakeFiles/cmTC_e36f1.dir/build.make CMakeFiles/cmTC_e36f1.dir/build
make[1]: Entering directory '/home/jason/Desktop/Work5-SDR/libiio-android/android-libiio/build/CMakeFiles/CMakeTmp'
Building C object CMakeFiles/cmTC_e36f1.dir/CMakeCCompilerABI.c.o
/usr/bin/cc    -o CMakeFiles/cmTC_e36f1.dir/CMakeCCompilerABI.c.o   -c /usr/share/cmake-3.10/Modules/CMakeCCompilerABI.c
Linking C executable cmTC_e36f1
/usr/bin/cmake -E cmake_link_script CMakeFiles/cmTC_e36f1.dir/link.txt --verbose=1
/usr/bin/cc     -v -rdynamic CMakeFiles/cmTC_e36f1.dir/CMakeCCompilerABI.c.o  -o cmTC_e36f1 
Using built-in specs.
COLLECT_GCC=/usr/bin/cc
COLLECT_LTO_WRAPPER=/usr/lib/gcc/x86_64-linux-gnu/7/lto-wrapper
OFFLOAD_TARGET_NAMES=nvptx-none
OFFLOAD_TARGET_DEFAULT=1
Target: x86_64-linux-gnu
Configured with: ../src/configure -v --with-pkgversion='Ubuntu 7.5.0-3ubuntu1~18.04' --with-bugurl=file:///usr/share/doc/gcc-7/README.Bugs --enable-languages=c,ada,c++,go,brig,d,fortran,objc,obj-c++ --prefix=/usr --with-gcc-major-version-only --program-suffix=-7 --program-prefix=x86_64-linux-gnu- --enable-shared --enable-linker-build-id --libexecdir=/usr/lib --without-included-gettext --enable-threads=posix --libdir=/usr/lib --enable-nls --enable-bootstrap --enable-clocale=gnu --enable-libstdcxx-debug --enable-libstdcxx-time=yes --with-default-libstdcxx-abi=new --enable-gnu-unique-object --disable-vtable-verify --enable-libmpx --enable-plugin --enable-default-pie --with-system-zlib --with-target-system-zlib --enable-objc-gc=auto --enable-multiarch --disable-werror --with-arch-32=i686 --with-abi=m64 --with-multilib-list=m32,m64,mx32 --enable-multilib --with-tune=generic --enable-offload-targets=nvptx-none --without-cuda-driver --enable-checking=release --build=x86_64-linux-gnu --host=x86_64-linux-gnu --target=x86_64-linux-gnu
Thread model: posix
gcc version 7.5.0 (Ubuntu 7.5.0-3ubuntu1~18.04) 
COMPILER_PATH=/usr/lib/gcc/x86_64-linux-gnu/7/:/usr/lib/gcc/x86_64-linux-gnu/7/:/usr/lib/gcc/x86_64-linux-gnu/:/usr/lib/gcc/x86_64-linux-gnu/7/:/usr/lib/gcc/x86_64-linux-gnu/
LIBRARY_PATH=/usr/lib/gcc/x86_64-linux-gnu/7/:/usr/lib/gcc/x86_64-linux-gnu/7/../../../x86_64-linux-gnu/:/usr/lib/gcc/x86_64-linux-gnu/7/../../../../lib/:/lib/x86_64-linux-gnu/:/lib/../lib/:/usr/lib/x86_64-linux-gnu/:/usr/lib/../lib/:/usr/lib/gcc/x86_64-linux-gnu/7/../../../:/lib/:/usr/lib/
COLLECT_GCC_OPTIONS='-v' '-rdynamic' '-o' 'cmTC_e36f1' '-mtune=generic' '-march=x86-64'
 /usr/lib/gcc/x86_64-linux-gnu/7/collect2 -plugin /usr/lib/gcc/x86_64-linux-gnu/7/liblto_plugin.so -plugin-opt=/usr/lib/gcc/x86_64-linux-gnu/7/lto-wrapper -plugin-opt=-fresolution=/tmp/cc7xy8VJ.res -plugin-opt=-pass-through=-lgcc -plugin-opt=-pass-through=-lgcc_s -plugin-opt=-pass-through=-lc -plugin-opt=-pass-through=-lgcc -plugin-opt=-pass-through=-lgcc_s --build-id --eh-frame-hdr -m elf_x86_64 --hash-style=gnu --as-needed -export-dynamic -dynamic-linker /lib64/ld-linux-x86-64.so.2 -pie -z now -z relro -o cmTC_e36f1 /usr/lib/gcc/x86_64-linux-gnu/7/../../../x86_64-linux-gnu/Scrt1.o /usr/lib/gcc/x86_64-linux-gnu/7/../../../x86_64-linux-gnu/crti.o /usr/lib/gcc/x86_64-linux-gnu/7/crtbeginS.o -L/usr/lib/gcc/x86_64-linux-gnu/7 -L/usr/lib/gcc/x86_64-linux-gnu/7/../../../x86_64-linux-gnu -L/usr/lib/gcc/x86_64-linux-gnu/7/../../../../lib -L/lib/x86_64-linux-gnu -L/lib/../lib -L/usr/lib/x86_64-linux-gnu -L/usr/lib/../lib -L/usr/lib/gcc/x86_64-linux-gnu/7/../../.. CMakeFiles/cmTC_e36f1.dir/CMakeCCompilerABI.c.o -lgcc --push-state --as-needed -lgcc_s --pop-state -lc -lgcc --push-state --as-needed -lgcc_s --pop-state /usr/lib/gcc/x86_64-linux-gnu/7/crtendS.o /usr/lib/gcc/x86_64-linux-gnu/7/../../../x86_64-linux-gnu/crtn.o
COLLECT_GCC_OPTIONS='-v' '-rdynamic' '-o' 'cmTC_e36f1' '-mtune=generic' '-march=x86-64'
make[1]: Leaving directory '/home/jason/Desktop/Work5-SDR/libiio-android/android-libiio/build/CMakeFiles/CMakeTmp'


Parsed C implicit link information from above output:
  link line regex: [^( *|.*[/\])(ld|CMAKE_LINK_STARTFILE-NOTFOUND|([^/\]+-)?ld|collect2)[^/\]*( |$)]
  ignore line: [Change Dir: /home/jason/Desktop/Work5-SDR/libiio-android/android-libiio/build/CMakeFiles/CMakeTmp]
  ignore line: []
  ignore line: [Run Build Command:"/usr/bin/make" "cmTC_e36f1/fast"]
  ignore line: [/usr/bin/make -f CMakeFiles/cmTC_e36f1.dir/build.make CMakeFiles/cmTC_e36f1.dir/build]
  ignore line: [make[1]: Entering directory '/home/jason/Desktop/Work5-SDR/libiio-android/android-libiio/build/CMakeFiles/CMakeTmp']
  ignore line: [Building C object CMakeFiles/cmTC_e36f1.dir/CMakeCCompilerABI.c.o]
  ignore line: [/usr/bin/cc    -o CMakeFiles/cmTC_e36f1.dir/CMakeCCompilerABI.c.o   -c /usr/share/cmake-3.10/Modules/CMakeCCompilerABI.c]
  ignore line: [Linking C executable cmTC_e36f1]
  ignore line: [/usr/bin/cmake -E cmake_link_script CMakeFiles/cmTC_e36f1.dir/link.txt --verbose=1]
  ignore line: [/usr/bin/cc     -v -rdynamic CMakeFiles/cmTC_e36f1.dir/CMakeCCompilerABI.c.o  -o cmTC_e36f1 ]
  ignore line: [Using built-in specs.]
  ignore line: [COLLECT_GCC=/usr/bin/cc]
  ignore line: [COLLECT_LTO_WRAPPER=/usr/lib/gcc/x86_64-linux-gnu/7/lto-wrapper]
  ignore line: [OFFLOAD_TARGET_NAMES=nvptx-none]
  ignore line: [OFFLOAD_TARGET_DEFAULT=1]
  ignore line: [Target: x86_64-linux-gnu]
  ignore line: [Configured with: ../src/configure -v --with-pkgversion='Ubuntu 7.5.0-3ubuntu1~18.04' --with-bugurl=file:///usr/share/doc/gcc-7/README.Bugs --enable-languages=c,ada,c++,go,brig,d,fortran,objc,obj-c++ --prefix=/usr --with-gcc-major-version-only --program-suffix=-7 --program-prefix=x86_64-linux-gnu- --enable-shared --enable-linker-build-id --libexecdir=/usr/lib --without-included-gettext --enable-threads=posix --libdir=/usr/lib --enable-nls --enable-bootstrap --enable-clocale=gnu --enable-libstdcxx-debug --enable-libstdcxx-time=yes --with-default-libstdcxx-abi=new --enable-gnu-unique-object --disable-vtable-verify --enable-libmpx --enable-plugin --enable-default-pie --with-system-zlib --with-target-system-zlib --enable-objc-gc=auto --enable-multiarch --disable-werror --with-arch-32=i686 --with-abi=m64 --with-multilib-list=m32,m64,mx32 --enable-multilib --with-tune=generic --enable-offload-targets=nvptx-none --without-cuda-driver --enable-checking=release --build=x86_64-linux-gnu --host=x86_64-linux-gnu --target=x86_64-linux-gnu]
  ignore line: [Thread model: posix]
  ignore line: [gcc version 7.5.0 (Ubuntu 7.5.0-3ubuntu1~18.04) ]
  ignore line: [COMPILER_PATH=/usr/lib/gcc/x86_64-linux-gnu/7/:/usr/lib/gcc/x86_64-linux-gnu/7/:/usr/lib/gcc/x86_64-linux-gnu/:/usr/lib/gcc/x86_64-linux-gnu/7/:/usr/lib/gcc/x86_64-linux-gnu/]
  ignore line: [LIBRARY_PATH=/usr/lib/gcc/x86_64-linux-gnu/7/:/usr/lib/gcc/x86_64-linux-gnu/7/../../../x86_64-linux-gnu/:/usr/lib/gcc/x86_64-linux-gnu/7/../../../../lib/:/lib/x86_64-linux-gnu/:/lib/../lib/:/usr/lib/x86_64-linux-gnu/:/usr/lib/../lib/:/usr/lib/gcc/x86_64-linux-gnu/7/../../../:/lib/:/usr/lib/]
  ignore line: [COLLECT_GCC_OPTIONS='-v' '-rdynamic' '-o' 'cmTC_e36f1' '-mtune=generic' '-march=x86-64']
  link line: [ /usr/lib/gcc/x86_64-linux-gnu/7/collect2 -plugin /usr/lib/gcc/x86_64-linux-gnu/7/liblto_plugin.so -plugin-opt=/usr/lib/gcc/x86_64-linux-gnu/7/lto-wrapper -plugin-opt=-fresolution=/tmp/cc7xy8VJ.res -plugin-opt=-pass-through=-lgcc -plugin-opt=-pass-through=-lgcc_s -plugin-opt=-pass-through=-lc -plugin-opt=-pass-through=-lgcc -plugin-opt=-pass-through=-lgcc_s --build-id --eh-frame-hdr -m elf_x86_64 --hash-style=gnu --as-needed -export-dynamic -dynamic-linker /lib64/ld-linux-x86-64.so.2 -pie -z now -z relro -o cmTC_e36f1 /usr/lib/gcc/x86_64-linux-gnu/7/../../../x86_64-linux-gnu/Scrt1.o /usr/lib/gcc/x86_64-linux-gnu/7/../../../x86_64-linux-gnu/crti.o /usr/lib/gcc/x86_64-linux-gnu/7/crtbeginS.o -L/usr/lib/gcc/x86_64-linux-gnu/7 -L/usr/lib/gcc/x86_64-linux-gnu/7/../../../x86_64-linux-gnu -L/usr/lib/gcc/x86_64-linux-gnu/7/../../../../lib -L/lib/x86_64-linux-gnu -L/lib/../lib -L/usr/lib/x86_64-linux-gnu -L/usr/lib/../lib -L/usr/lib/gcc/x86_64-linux-gnu/7/../../.. CMakeFiles/cmTC_e36f1.dir/CMakeCCompilerABI.c.o -lgcc --push-state --as-needed -lgcc_s --pop-state -lc -lgcc --push-state --as-needed -lgcc_s --pop-state /usr/lib/gcc/x86_64-linux-gnu/7/crtendS.o /usr/lib/gcc/x86_64-linux-gnu/7/../../../x86_64-linux-gnu/crtn.o]
    arg [/usr/lib/gcc/x86_64-linux-gnu/7/collect2] ==> ignore
    arg [-plugin] ==> ignore
    arg [/usr/lib/gcc/x86_64-linux-gnu/7/liblto_plugin.so] ==> ignore
    arg [-plugin-opt=/usr/lib/gcc/x86_64-linux-gnu/7/lto-wrapper] ==> ignore
    arg [-plugin-opt=-fresolution=/tmp/cc7xy8VJ.res] ==> ignore
    arg [-plugin-opt=-pass-through=-lgcc] ==> ignore
    arg [-plugin-opt=-pass-through=-lgcc_s] ==> ignore
    arg [-plugin-opt=-pass-through=-lc] ==> ignore
    arg [-plugin-opt=-pass-through=-lgcc] ==> ignore
    arg [-plugin-opt=-pass-through=-lgcc_s] ==> ignore
    arg [--build-id] ==> ignore
    arg [--eh-frame-hdr] ==> ignore
    arg [-m] ==> ignore
    arg [elf_x86_64] ==> ignore
    arg [--hash-style=gnu] ==> ignore
    arg [--as-needed] ==> ignore
    arg [-export-dynamic] ==> ignore
    arg [-dynamic-linker] ==> ignore
    arg [/lib64/ld-linux-x86-64.so.2] ==> ignore
    arg [-pie] ==> ignore
    arg [-znow] ==> ignore
    arg [-zrelro] ==> ignore
    arg [-o] ==> ignore
    arg [cmTC_e36f1] ==> ignore
    arg [/usr/lib/gcc/x86_64-linux-gnu/7/../../../x86_64-linux-gnu/Scrt1.o] ==> ignore
    arg [/usr/lib/gcc/x86_64-linux-gnu/7/../../../x86_64-linux-gnu/crti.o] ==> ignore
    arg [/usr/lib/gcc/x86_64-linux-gnu/7/crtbeginS.o] ==> ignore
    arg [-L/usr/lib/gcc/x86_64-linux-gnu/7] ==> dir [/usr/lib/gcc/x86_64-linux-gnu/7]
    arg [-L/usr/lib/gcc/x86_64-linux-gnu/7/../../../x86_64-linux-gnu] ==> dir [/usr/lib/gcc/x86_64-linux-gnu/7/../../../x86_64-linux-gnu]
    arg [-L/usr/lib/gcc/x86_64-linux-gnu/7/../../../../lib] ==> dir [/usr/lib/gcc/x86_64-linux-gnu/7/../../../../lib]
    arg [-L/lib/x86_64-linux-gnu] ==> dir [/lib/x86_64-linux-gnu]
    arg [-L/lib/../lib] ==> dir [/lib/../lib]
    arg [-L/usr/lib/x86_64-linux-gnu] ==> dir [/usr/lib/x86_64-linux-gnu]
    arg [-L/usr/lib/../lib] ==> dir [/usr/lib/../lib]
    arg [-L/usr/lib/gcc/x86_64-linux-gnu/7/../../..] ==> dir [/usr/lib/gcc/x86_64-linux-gnu/7/../../..]
    arg [CMakeFiles/cmTC_e36f1.dir/CMakeCCompilerABI.c.o] ==> ignore
    arg [-lgcc] ==> lib [gcc]
    arg [--push-state] ==> ignore
    arg [--as-needed] ==> ignore
    arg [-lgcc_s] ==> lib [gcc_s]
    arg [--pop-state] ==> ignore
    arg [-lc] ==> lib [c]
    arg [-lgcc] ==> lib [gcc]
    arg [--push-state] ==> ignore
    arg [--as-needed] ==> ignore
    arg [-lgcc_s] ==> lib [gcc_s]
    arg [--pop-state] ==> ignore
    arg [/usr/lib/gcc/x86_64-linux-gnu/7/crtendS.o] ==> ignore
    arg [/usr/lib/gcc/x86_64-linux-gnu/7/../../../x86_64-linux-gnu/crtn.o] ==> ignore
  collapse library dir [/usr/lib/gcc/x86_64-linux-gnu/7] ==> [/usr/lib/gcc/x86_64-linux-gnu/7]
  collapse library dir [/usr/lib/gcc/x86_64-linux-gnu/7/../../../x86_64-linux-gnu] ==> [/usr/lib/x86_64-linux-gnu]
  collapse library dir [/usr/lib/gcc/x86_64-linux-gnu/7/../../../../lib] ==> [/usr/lib]
  collapse library dir [/lib/x86_64-linux-gnu] ==> [/lib/x86_64-linux-gnu]
  collapse library dir [/lib/../lib] ==> [/lib]
  collapse library dir [/usr/lib/x86_64-linux-gnu] ==> [/usr/lib/x86_64-linux-gnu]
  collapse library dir [/usr/lib/../lib] ==> [/usr/lib]
  collapse library dir [/usr/lib/gcc/x86_64-linux-gnu/7/../../..] ==> [/usr/lib]
  implicit libs: [gcc;gcc_s;c;gcc;gcc_s]
  implicit dirs: [/usr/lib/gcc/x86_64-linux-gnu/7;/usr/lib/x86_64-linux-gnu;/usr/lib;/lib/x86_64-linux-gnu;/lib]
  implicit fwks: []




Detecting C [-std=c11] compiler features compiled with the following output:
Change Dir: /home/jason/Desktop/Work5-SDR/libiio-android/android-libiio/build/CMakeFiles/CMakeTmp

Run Build Command:"/usr/bin/make" "cmTC_7724e/fast"
/usr/bin/make -f CMakeFiles/cmTC_7724e.dir/build.make CMakeFiles/cmTC_7724e.dir/build
make[1]: Entering directory '/home/jason/Desktop/Work5-SDR/libiio-android/android-libiio/build/CMakeFiles/CMakeTmp'
Building C object CMakeFiles/cmTC_7724e.dir/feature_tests.c.o
/usr/bin/cc   -std=c11 -o CMakeFiles/cmTC_7724e.dir/feature_tests.c.o   -c /home/jason/Desktop/Work5-SDR/libiio-android/android-libiio/build/CMakeFiles/feature_tests.c
Linking C executable cmTC_7724e
/usr/bin/cmake -E cmake_link_script CMakeFiles/cmTC_7724e.dir/link.txt --verbose=1
/usr/bin/cc      -rdynamic CMakeFiles/cmTC_7724e.dir/feature_tests.c.o  -o cmTC_7724e 
make[1]: Leaving directory '/home/jason/Desktop/Work5-SDR/libiio-android/android-libiio/build/CMakeFiles/CMakeTmp'


    Feature record: C_FEATURE:1c_function_prototypes
    Feature record: C_FEATURE:1c_restrict
    Feature record: C_FEATURE:1c_static_assert
    Feature record: C_FEATURE:1c_variadic_macros


Detecting C [-std=c99] compiler features compiled with the following output:
Change Dir: /home/jason/Desktop/Work5-SDR/libiio-android/android-libiio/build/CMakeFiles/CMakeTmp

Run Build Command:"/usr/bin/make" "cmTC_5a0f4/fast"
/usr/bin/make -f CMakeFiles/cmTC_5a0f4.dir/build.make CMakeFiles/cmTC_5a0f4.dir/build
make[1]: Entering directory '/home/jason/Desktop/Work5-SDR/libiio-android/android-libiio/build/CMakeFiles/CMakeTmp'
Building C object CMakeFiles/cmTC_5a0f4.dir/feature_tests.c.o
/usr/bin/cc   -std=c99 -o CMakeFiles/cmTC_5a0f4.dir/feature_tests.c.o   -c /home/jason/Desktop/Work5-SDR/libiio-android/android-libiio/build/CMakeFiles/feature_tests.c
Linking C executable cmTC_5a0f4
/usr/bin/cmake -E cmake_link_script CMakeFiles/cmTC_5a0f4.dir/link.txt --verbose=1
/usr/bin/cc      -rdynamic CMakeFiles/cmTC_5a0f4.dir/feature_tests.c.o  -o cmTC_5a0f4 
make[1]: Leaving directory '/home/jason/Desktop/Work5-SDR/libiio-android/android-libiio/build/CMakeFiles/CMakeTmp'


    Feature record: C_FEATURE:1c_function_prototypes
    Feature record: C_FEATURE:1c_restrict
    Feature record: C_FEATURE:0c_static_assert
    Feature record: C_FEATURE:1c_variadic_macros


Detecting C [-std=c90] compiler features compiled with the following output:
Change Dir: /home/jason/Desktop/Work5-SDR/libiio-android/android-libiio/build/CMakeFiles/CMakeTmp

Run Build Command:"/usr/bin/make" "cmTC_01302/fast"
/usr/bin/make -f CMakeFiles/cmTC_01302.dir/build.make CMakeFiles/cmTC_01302.dir/build
make[1]: Entering directory '/home/jason/Desktop/Work5-SDR/libiio-android/android-libiio/build/CMakeFiles/CMakeTmp'
Building C object CMakeFiles/cmTC_01302.dir/feature_tests.c.o
/usr/bin/cc   -std=c90 -o CMakeFiles/cmTC_01302.dir/feature_tests.c.o   -c /home/jason/Desktop/Work5-SDR/libiio-android/android-libiio/build/CMakeFiles/feature_tests.c
Linking C executable cmTC_01302
/usr/bin/cmake -E cmake_link_script CMakeFiles/cmTC_01302.dir/link.txt --verbose=1
/usr/bin/cc      -rdynamic CMakeFiles/cmTC_01302.dir/feature_tests.c.o  -o cmTC_01302 
make[1]: Leaving directory '/home/jason/Desktop/Work5-SDR/libiio-android/android-libiio/build/CMakeFiles/CMakeTmp'


    Feature record: C_FEATURE:1c_function_prototypes
    Feature record: C_FEATURE:0c_restrict
    Feature record: C_FEATURE:0c_static_assert
    Feature record: C_FEATURE:0c_variadic_macros
Performing C SOURCE FILE Test HAS_WPEDANTIC succeeded with the following output:
Change Dir: /home/jason/Desktop/Work5-SDR/libiio-android/android-libiio/build/CMakeFiles/CMakeTmp

Run Build Command:"/usr/bin/make" "cmTC_b4e1b/fast"
/usr/bin/make -f CMakeFiles/cmTC_b4e1b.dir/build.make CMakeFiles/cmTC_b4e1b.dir/build
make[1]: Entering directory '/home/jason/Desktop/Work5-SDR/libiio-android/android-libiio/build/CMakeFiles/CMakeTmp'
Building C object CMakeFiles/cmTC_b4e1b.dir/src.c.o
/usr/bin/cc   -fvisibility=hidden -Wall -Wextra -Wno-unused-parameter -DHAS_WPEDANTIC   -Wpedantic -o CMakeFiles/cmTC_b4e1b.dir/src.c.o   -c /home/jason/Desktop/Work5-SDR/libiio-android/android-libiio/build/CMakeFiles/CMakeTmp/src.c
Linking C executable cmTC_b4e1b
/usr/bin/cmake -E cmake_link_script CMakeFiles/cmTC_b4e1b.dir/link.txt --verbose=1
/usr/bin/cc  -fvisibility=hidden -Wall -Wextra -Wno-unused-parameter -DHAS_WPEDANTIC    -rdynamic CMakeFiles/cmTC_b4e1b.dir/src.c.o  -o cmTC_b4e1b 
make[1]: Leaving directory '/home/jason/Desktop/Work5-SDR/libiio-android/android-libiio/build/CMakeFiles/CMakeTmp'

Source file was:
int main(void) { return 0; }
Performing C SOURCE FILE Test HAS_WSHADOW succeeded with the following output:
Change Dir: /home/jason/Desktop/Work5-SDR/libiio-android/android-libiio/build/CMakeFiles/CMakeTmp

Run Build Command:"/usr/bin/make" "cmTC_2981f/fast"
/usr/bin/make -f CMakeFiles/cmTC_2981f.dir/build.make CMakeFiles/cmTC_2981f.dir/build
make[1]: Entering directory '/home/jason/Desktop/Work5-SDR/libiio-android/android-libiio/build/CMakeFiles/CMakeTmp'
Building C object CMakeFiles/cmTC_2981f.dir/src.c.o
/usr/bin/cc   -fvisibility=hidden -Wall -Wextra -Wno-unused-parameter -Wpedantic -DHAS_WSHADOW   -Wshadow -o CMakeFiles/cmTC_2981f.dir/src.c.o   -c /home/jason/Desktop/Work5-SDR/libiio-android/android-libiio/build/CMakeFiles/CMakeTmp/src.c
Linking C executable cmTC_2981f
/usr/bin/cmake -E cmake_link_script CMakeFiles/cmTC_2981f.dir/link.txt --verbose=1
/usr/bin/cc  -fvisibility=hidden -Wall -Wextra -Wno-unused-parameter -Wpedantic -DHAS_WSHADOW    -rdynamic CMakeFiles/cmTC_2981f.dir/src.c.o  -o cmTC_2981f 
make[1]: Leaving directory '/home/jason/Desktop/Work5-SDR/libiio-android/android-libiio/build/CMakeFiles/CMakeTmp'

Source file was:
int main(void) { return 0; }
Determining if the strdup exist passed with the following output:
Change Dir: /home/jason/Desktop/Work5-SDR/libiio-android/android-libiio/build/CMakeFiles/CMakeTmp

Run Build Command:"/usr/bin/make" "cmTC_8091f/fast"
/usr/bin/make -f CMakeFiles/cmTC_8091f.dir/build.make CMakeFiles/cmTC_8091f.dir/build
make[1]: Entering directory '/home/jason/Desktop/Work5-SDR/libiio-android/android-libiio/build/CMakeFiles/CMakeTmp'
Building C object CMakeFiles/cmTC_8091f.dir/CheckSymbolExists.c.o
/usr/bin/cc   -fvisibility=hidden -Wall -Wextra -Wno-unused-parameter -Wpedantic -Wshadow    -o CMakeFiles/cmTC_8091f.dir/CheckSymbolExists.c.o   -c /home/jason/Desktop/Work5-SDR/libiio-android/android-libiio/build/CMakeFiles/CMakeTmp/CheckSymbolExists.c
/home/jason/Desktop/Work5-SDR/libiio-android/android-libiio/build/CMakeFiles/CMakeTmp/CheckSymbolExists.c: In function ‘main’:
/home/jason/Desktop/Work5-SDR/libiio-android/android-libiio/build/CMakeFiles/CMakeTmp/CheckSymbolExists.c:8:11: warning: ISO C forbids conversion of function pointer to object pointer type [-Wpedantic]
   return ((int*)(&strdup))[argc];
           ^
Linking C executable cmTC_8091f
/usr/bin/cmake -E cmake_link_script CMakeFiles/cmTC_8091f.dir/link.txt --verbose=1
/usr/bin/cc  -fvisibility=hidden -Wall -Wextra -Wno-unused-parameter -Wpedantic -Wshadow     -rdynamic CMakeFiles/cmTC_8091f.dir/CheckSymbolExists.c.o  -o cmTC_8091f 
make[1]: Leaving directory '/home/jason/Desktop/Work5-SDR/libiio-android/android-libiio/build/CMakeFiles/CMakeTmp'

File /home/jason/Desktop/Work5-SDR/libiio-android/android-libiio/build/CMakeFiles/CMakeTmp/CheckSymbolExists.c:
/* */
#include <string.h>

int main(int argc, char** argv)
{
  (void)argv;
#ifndef strdup
  return ((int*)(&strdup))[argc];
#else
  (void)argc;
  return 0;
#endif
}

Determining if the strndup exist passed with the following output:
Change Dir: /home/jason/Desktop/Work5-SDR/libiio-android/android-libiio/build/CMakeFiles/CMakeTmp

Run Build Command:"/usr/bin/make" "cmTC_ec2fd/fast"
/usr/bin/make -f CMakeFiles/cmTC_ec2fd.dir/build.make CMakeFiles/cmTC_ec2fd.dir/build
make[1]: Entering directory '/home/jason/Desktop/Work5-SDR/libiio-android/android-libiio/build/CMakeFiles/CMakeTmp'
Building C object CMakeFiles/cmTC_ec2fd.dir/CheckSymbolExists.c.o
/usr/bin/cc   -fvisibility=hidden -Wall -Wextra -Wno-unused-parameter -Wpedantic -Wshadow    -o CMakeFiles/cmTC_ec2fd.dir/CheckSymbolExists.c.o   -c /home/jason/Desktop/Work5-SDR/libiio-android/android-libiio/build/CMakeFiles/CMakeTmp/CheckSymbolExists.c
/home/jason/Desktop/Work5-SDR/libiio-android/android-libiio/build/CMakeFiles/CMakeTmp/CheckSymbolExists.c: In function ‘main’:
/home/jason/Desktop/Work5-SDR/libiio-android/android-libiio/build/CMakeFiles/CMakeTmp/CheckSymbolExists.c:8:11: warning: ISO C forbids conversion of function pointer to object pointer type [-Wpedantic]
   return ((int*)(&strndup))[argc];
           ^
Linking C executable cmTC_ec2fd
/usr/bin/cmake -E cmake_link_script CMakeFiles/cmTC_ec2fd.dir/link.txt --verbose=1
/usr/bin/cc  -fvisibility=hidden -Wall -Wextra -Wno-unused-parameter -Wpedantic -Wshadow     -rdynamic CMakeFiles/cmTC_ec2fd.dir/CheckSymbolExists.c.o  -o cmTC_ec2fd 
make[1]: Leaving directory '/home/jason/Desktop/Work5-SDR/libiio-android/android-libiio/build/CMakeFiles/CMakeTmp'

File /home/jason/Desktop/Work5-SDR/libiio-android/android-libiio/build/CMakeFiles/CMakeTmp/CheckSymbolExists.c:
/* */
#include <string.h>

int main(int argc, char** argv)
{
  (void)argv;
#ifndef strndup
  return ((int*)(&strndup))[argc];
#else
  (void)argc;
  return 0;
#endif
}

Determining if the strerror_r exist passed with the following output:
Change Dir: /home/jason/Desktop/Work5-SDR/libiio-android/android-libiio/build/CMakeFiles/CMakeTmp

Run Build Command:"/usr/bin/make" "cmTC_b0c92/fast"
/usr/bin/make -f CMakeFiles/cmTC_b0c92.dir/build.make CMakeFiles/cmTC_b0c92.dir/build
make[1]: Entering directory '/home/jason/Desktop/Work5-SDR/libiio-android/android-libiio/build/CMakeFiles/CMakeTmp'
Building C object CMakeFiles/cmTC_b0c92.dir/CheckSymbolExists.c.o
/usr/bin/cc   -fvisibility=hidden -Wall -Wextra -Wno-unused-parameter -Wpedantic -Wshadow    -o CMakeFiles/cmTC_b0c92.dir/CheckSymbolExists.c.o   -c /home/jason/Desktop/Work5-SDR/libiio-android/android-libiio/build/CMakeFiles/CMakeTmp/CheckSymbolExists.c
/home/jason/Desktop/Work5-SDR/libiio-android/android-libiio/build/CMakeFiles/CMakeTmp/CheckSymbolExists.c: In function ‘main’:
/home/jason/Desktop/Work5-SDR/libiio-android/android-libiio/build/CMakeFiles/CMakeTmp/CheckSymbolExists.c:8:11: warning: ISO C forbids conversion of function pointer to object pointer type [-Wpedantic]
   return ((int*)(&strerror_r))[argc];
           ^
Linking C executable cmTC_b0c92
/usr/bin/cmake -E cmake_link_script CMakeFiles/cmTC_b0c92.dir/link.txt --verbose=1
/usr/bin/cc  -fvisibility=hidden -Wall -Wextra -Wno-unused-parameter -Wpedantic -Wshadow     -rdynamic CMakeFiles/cmTC_b0c92.dir/CheckSymbolExists.c.o  -o cmTC_b0c92 
make[1]: Leaving directory '/home/jason/Desktop/Work5-SDR/libiio-android/android-libiio/build/CMakeFiles/CMakeTmp'

File /home/jason/Desktop/Work5-SDR/libiio-android/android-libiio/build/CMakeFiles/CMakeTmp/CheckSymbolExists.c:
/* */
#include <string.h>

int main(int argc, char** argv)
{
  (void)argv;
#ifndef strerror_r
  return ((int*)(&strerror_r))[argc];
#else
  (void)argc;
  return 0;
#endif
}

Determining if the strtok_r exist passed with the following output:
Change Dir: /home/jason/Desktop/Work5-SDR/libiio-android/android-libiio/build/CMakeFiles/CMakeTmp

Run Build Command:"/usr/bin/make" "cmTC_caa81/fast"
/usr/bin/make -f CMakeFiles/cmTC_caa81.dir/build.make CMakeFiles/cmTC_caa81.dir/build
make[1]: Entering directory '/home/jason/Desktop/Work5-SDR/libiio-android/android-libiio/build/CMakeFiles/CMakeTmp'
Building C object CMakeFiles/cmTC_caa81.dir/CheckSymbolExists.c.o
/usr/bin/cc   -fvisibility=hidden -Wall -Wextra -Wno-unused-parameter -Wpedantic -Wshadow    -o CMakeFiles/cmTC_caa81.dir/CheckSymbolExists.c.o   -c /home/jason/Desktop/Work5-SDR/libiio-android/android-libiio/build/CMakeFiles/CMakeTmp/CheckSymbolExists.c
/home/jason/Desktop/Work5-SDR/libiio-android/android-libiio/build/CMakeFiles/CMakeTmp/CheckSymbolExists.c: In function ‘main’:
/home/jason/Desktop/Work5-SDR/libiio-android/android-libiio/build/CMakeFiles/CMakeTmp/CheckSymbolExists.c:8:11: warning: ISO C forbids conversion of function pointer to object pointer type [-Wpedantic]
   return ((int*)(&strtok_r))[argc];
           ^
Linking C executable cmTC_caa81
/usr/bin/cmake -E cmake_link_script CMakeFiles/cmTC_caa81.dir/link.txt --verbose=1
/usr/bin/cc  -fvisibility=hidden -Wall -Wextra -Wno-unused-parameter -Wpedantic -Wshadow     -rdynamic CMakeFiles/cmTC_caa81.dir/CheckSymbolExists.c.o  -o cmTC_caa81 
make[1]: Leaving directory '/home/jason/Desktop/Work5-SDR/libiio-android/android-libiio/build/CMakeFiles/CMakeTmp'

File /home/jason/Desktop/Work5-SDR/libiio-android/android-libiio/build/CMakeFiles/CMakeTmp/CheckSymbolExists.c:
/* */
#include <string.h>

int main(int argc, char** argv)
{
  (void)argv;
#ifndef strtok_r
  return ((int*)(&strtok_r))[argc];
#else
  (void)argc;
  return 0;
#endif
}

Determining if the newlocale exist passed with the following output:
Change Dir: /home/jason/Desktop/Work5-SDR/libiio-android/android-libiio/build/CMakeFiles/CMakeTmp

Run Build Command:"/usr/bin/make" "cmTC_42613/fast"
/usr/bin/make -f CMakeFiles/cmTC_42613.dir/build.make CMakeFiles/cmTC_42613.dir/build
make[1]: Entering directory '/home/jason/Desktop/Work5-SDR/libiio-android/android-libiio/build/CMakeFiles/CMakeTmp'
Building C object CMakeFiles/cmTC_42613.dir/CheckSymbolExists.c.o
/usr/bin/cc   -fvisibility=hidden -Wall -Wextra -Wno-unused-parameter -Wpedantic -Wshadow    -o CMakeFiles/cmTC_42613.dir/CheckSymbolExists.c.o   -c /home/jason/Desktop/Work5-SDR/libiio-android/android-libiio/build/CMakeFiles/CMakeTmp/CheckSymbolExists.c
/home/jason/Desktop/Work5-SDR/libiio-android/android-libiio/build/CMakeFiles/CMakeTmp/CheckSymbolExists.c: In function ‘main’:
/home/jason/Desktop/Work5-SDR/libiio-android/android-libiio/build/CMakeFiles/CMakeTmp/CheckSymbolExists.c:8:11: warning: ISO C forbids conversion of function pointer to object pointer type [-Wpedantic]
   return ((int*)(&newlocale))[argc];
           ^
Linking C executable cmTC_42613
/usr/bin/cmake -E cmake_link_script CMakeFiles/cmTC_42613.dir/link.txt --verbose=1
/usr/bin/cc  -fvisibility=hidden -Wall -Wextra -Wno-unused-parameter -Wpedantic -Wshadow     -rdynamic CMakeFiles/cmTC_42613.dir/CheckSymbolExists.c.o  -o cmTC_42613 
make[1]: Leaving directory '/home/jason/Desktop/Work5-SDR/libiio-android/android-libiio/build/CMakeFiles/CMakeTmp'

File /home/jason/Desktop/Work5-SDR/libiio-android/android-libiio/build/CMakeFiles/CMakeTmp/CheckSymbolExists.c:
/* */
#include <locale.h>

int main(int argc, char** argv)
{
  (void)argv;
#ifndef newlocale
  return ((int*)(&newlocale))[argc];
#else
  (void)argc;
  return 0;
#endif
}

Determining if the in6addr_any exist passed with the following output:
Change Dir: /home/jason/Desktop/Work5-SDR/libiio-android/android-libiio/build/CMakeFiles/CMakeTmp

Run Build Command:"/usr/bin/make" "cmTC_06e2f/fast"
/usr/bin/make -f CMakeFiles/cmTC_06e2f.dir/build.make CMakeFiles/cmTC_06e2f.dir/build
make[1]: Entering directory '/home/jason/Desktop/Work5-SDR/libiio-android/android-libiio/build/CMakeFiles/CMakeTmp'
Building C object CMakeFiles/cmTC_06e2f.dir/CheckSymbolExists.c.o
/usr/bin/cc   -fvisibility=hidden -Wall -Wextra -Wno-unused-parameter -Wpedantic -Wshadow    -o CMakeFiles/cmTC_06e2f.dir/CheckSymbolExists.c.o   -c /home/jason/Desktop/Work5-SDR/libiio-android/android-libiio/build/CMakeFiles/CMakeTmp/CheckSymbolExists.c
Linking C executable cmTC_06e2f
/usr/bin/cmake -E cmake_link_script CMakeFiles/cmTC_06e2f.dir/link.txt --verbose=1
/usr/bin/cc  -fvisibility=hidden -Wall -Wextra -Wno-unused-parameter -Wpedantic -Wshadow     -rdynamic CMakeFiles/cmTC_06e2f.dir/CheckSymbolExists.c.o  -o cmTC_06e2f 
make[1]: Leaving directory '/home/jason/Desktop/Work5-SDR/libiio-android/android-libiio/build/CMakeFiles/CMakeTmp'

File /home/jason/Desktop/Work5-SDR/libiio-android/android-libiio/build/CMakeFiles/CMakeTmp/CheckSymbolExists.c:
/* */
#include <netinet/in.h>

int main(int argc, char** argv)
{
  (void)argv;
#ifndef in6addr_any
  return ((int*)(&in6addr_any))[argc];
#else
  (void)argc;
  return 0;
#endif
}

Determining if the libusb_get_version exist passed with the following output:
Change Dir: /home/jason/Desktop/Work5-SDR/libiio-android/android-libiio/build/CMakeFiles/CMakeTmp

Run Build Command:"/usr/bin/make" "cmTC_f9df7/fast"
/usr/bin/make -f CMakeFiles/cmTC_f9df7.dir/build.make CMakeFiles/cmTC_f9df7.dir/build
make[1]: Entering directory '/home/jason/Desktop/Work5-SDR/libiio-android/android-libiio/build/CMakeFiles/CMakeTmp'
Building C object CMakeFiles/cmTC_f9df7.dir/CheckSymbolExists.c.o
/usr/bin/cc  -I/usr/local/include/libusb-1.0  -fvisibility=hidden -Wall -Wextra -Wno-unused-parameter -Wpedantic -Wshadow    -o CMakeFiles/cmTC_f9df7.dir/CheckSymbolExists.c.o   -c /home/jason/Desktop/Work5-SDR/libiio-android/android-libiio/build/CMakeFiles/CMakeTmp/CheckSymbolExists.c
/home/jason/Desktop/Work5-SDR/libiio-android/android-libiio/build/CMakeFiles/CMakeTmp/CheckSymbolExists.c: In function ‘main’:
/home/jason/Desktop/Work5-SDR/libiio-android/android-libiio/build/CMakeFiles/CMakeTmp/CheckSymbolExists.c:8:11: warning: ISO C forbids conversion of function pointer to object pointer type [-Wpedantic]
   return ((int*)(&libusb_get_version))[argc];
           ^
Linking C executable cmTC_f9df7
/usr/bin/cmake -E cmake_link_script CMakeFiles/cmTC_f9df7.dir/link.txt --verbose=1
/usr/bin/cc  -fvisibility=hidden -Wall -Wextra -Wno-unused-parameter -Wpedantic -Wshadow     -rdynamic CMakeFiles/cmTC_f9df7.dir/CheckSymbolExists.c.o  -o cmTC_f9df7 -lusb-1.0 
make[1]: Leaving directory '/home/jason/Desktop/Work5-SDR/libiio-android/android-libiio/build/CMakeFiles/CMakeTmp'

File /home/jason/Desktop/Work5-SDR/libiio-android/android-libiio/build/CMakeFiles/CMakeTmp/CheckSymbolExists.c:
/* */
#include <libusb.h>

int main(int argc, char** argv)
{
  (void)argv;
#ifndef libusb_get_version
  return ((int*)(&libusb_get_version))[argc];
#else
  (void)argc;
  return 0;
#endif
}

Performing C SOURCE FILE Test WITH_NETWORK_EVENTFD succeeded with the following output:
Change Dir: /home/jason/Desktop/Work5-SDR/libiio-android/android-libiio/build/CMakeFiles/CMakeTmp

Run Build Command:"/usr/bin/make" "cmTC_c746e/fast"
/usr/bin/make -f CMakeFiles/cmTC_c746e.dir/build.make CMakeFiles/cmTC_c746e.dir/build
make[1]: Entering directory '/home/jason/Desktop/Work5-SDR/libiio-android/android-libiio/build/CMakeFiles/CMakeTmp'
Building C object CMakeFiles/cmTC_c746e.dir/src.c.o
/usr/bin/cc   -fvisibility=hidden -Wall -Wextra -Wno-unused-parameter -Wpedantic -Wshadow -DWITH_NETWORK_EVENTFD   -o CMakeFiles/cmTC_c746e.dir/src.c.o   -c /home/jason/Desktop/Work5-SDR/libiio-android/android-libiio/build/CMakeFiles/CMakeTmp/src.c
Linking C executable cmTC_c746e
/usr/bin/cmake -E cmake_link_script CMakeFiles/cmTC_c746e.dir/link.txt --verbose=1
/usr/bin/cc  -fvisibility=hidden -Wall -Wextra -Wno-unused-parameter -Wpedantic -Wshadow -DWITH_NETWORK_EVENTFD    -rdynamic CMakeFiles/cmTC_c746e.dir/src.c.o  -o cmTC_c746e 
make[1]: Leaving directory '/home/jason/Desktop/Work5-SDR/libiio-android/android-libiio/build/CMakeFiles/CMakeTmp'

Source file was:
#include <sys/eventfd.h>
int main(void) { return eventfd(0, EFD_CLOEXEC | EFD_NONBLOCK); }
Determining if the pthread_setname_np exist passed with the following output:
Change Dir: /home/jason/Desktop/Work5-SDR/libiio-android/android-libiio/build/CMakeFiles/CMakeTmp

Run Build Command:"/usr/bin/make" "cmTC_fdfbc/fast"
/usr/bin/make -f CMakeFiles/cmTC_fdfbc.dir/build.make CMakeFiles/cmTC_fdfbc.dir/build
make[1]: Entering directory '/home/jason/Desktop/Work5-SDR/libiio-android/android-libiio/build/CMakeFiles/CMakeTmp'
Building C object CMakeFiles/cmTC_fdfbc.dir/CheckSymbolExists.c.o
/usr/bin/cc -D_GNU_SOURCE   -o CMakeFiles/cmTC_fdfbc.dir/CheckSymbolExists.c.o   -c /home/jason/Desktop/Work5-SDR/libiio-android/android-libiio/build/CMakeFiles/CMakeTmp/CheckSymbolExists.c
Linking C executable cmTC_fdfbc
/usr/bin/cmake -E cmake_link_script CMakeFiles/cmTC_fdfbc.dir/link.txt --verbose=1
/usr/bin/cc      -rdynamic CMakeFiles/cmTC_fdfbc.dir/CheckSymbolExists.c.o  -o cmTC_fdfbc -lpthread 
make[1]: Leaving directory '/home/jason/Desktop/Work5-SDR/libiio-android/android-libiio/build/CMakeFiles/CMakeTmp'

File /home/jason/Desktop/Work5-SDR/libiio-android/android-libiio/build/CMakeFiles/CMakeTmp/CheckSymbolExists.c:
/* */
#include <pthread.h>

int main(int argc, char** argv)
{
  (void)argv;
#ifndef pthread_setname_np
  return ((int*)(&pthread_setname_np))[argc];
#else
  (void)argc;
  return 0;
#endif
}

Determining if the include file sys/types.h exists passed with the following output:
Change Dir: /home/jason/Desktop/Work5-SDR/libiio-android/android-libiio/build/CMakeFiles/CMakeTmp

Run Build Command:"/usr/bin/make" "cmTC_b060d/fast"
/usr/bin/make -f CMakeFiles/cmTC_b060d.dir/build.make CMakeFiles/cmTC_b060d.dir/build
make[1]: Entering directory '/home/jason/Desktop/Work5-SDR/libiio-android/android-libiio/build/CMakeFiles/CMakeTmp'
Building C object CMakeFiles/cmTC_b060d.dir/CheckIncludeFile.c.o
/usr/bin/cc   -fvisibility=hidden -Wall -Wextra -Wno-unused-parameter -Wpedantic -Wshadow    -o CMakeFiles/cmTC_b060d.dir/CheckIncludeFile.c.o   -c /home/jason/Desktop/Work5-SDR/libiio-android/android-libiio/build/CMakeFiles/CMakeTmp/CheckIncludeFile.c
Linking C executable cmTC_b060d
/usr/bin/cmake -E cmake_link_script CMakeFiles/cmTC_b060d.dir/link.txt --verbose=1
/usr/bin/cc  -fvisibility=hidden -Wall -Wextra -Wno-unused-parameter -Wpedantic -Wshadow     -rdynamic CMakeFiles/cmTC_b060d.dir/CheckIncludeFile.c.o  -o cmTC_b060d 
make[1]: Leaving directory '/home/jason/Desktop/Work5-SDR/libiio-android/android-libiio/build/CMakeFiles/CMakeTmp'


Determining if the include file stdint.h exists passed with the following output:
Change Dir: /home/jason/Desktop/Work5-SDR/libiio-android/android-libiio/build/CMakeFiles/CMakeTmp

Run Build Command:"/usr/bin/make" "cmTC_ff8dc/fast"
/usr/bin/make -f CMakeFiles/cmTC_ff8dc.dir/build.make CMakeFiles/cmTC_ff8dc.dir/build
make[1]: Entering directory '/home/jason/Desktop/Work5-SDR/libiio-android/android-libiio/build/CMakeFiles/CMakeTmp'
Building C object CMakeFiles/cmTC_ff8dc.dir/CheckIncludeFile.c.o
/usr/bin/cc   -fvisibility=hidden -Wall -Wextra -Wno-unused-parameter -Wpedantic -Wshadow    -o CMakeFiles/cmTC_ff8dc.dir/CheckIncludeFile.c.o   -c /home/jason/Desktop/Work5-SDR/libiio-android/android-libiio/build/CMakeFiles/CMakeTmp/CheckIncludeFile.c
Linking C executable cmTC_ff8dc
/usr/bin/cmake -E cmake_link_script CMakeFiles/cmTC_ff8dc.dir/link.txt --verbose=1
/usr/bin/cc  -fvisibility=hidden -Wall -Wextra -Wno-unused-parameter -Wpedantic -Wshadow     -rdynamic CMakeFiles/cmTC_ff8dc.dir/CheckIncludeFile.c.o  -o cmTC_ff8dc 
make[1]: Leaving directory '/home/jason/Desktop/Work5-SDR/libiio-android/android-libiio/build/CMakeFiles/CMakeTmp'


Determining if the include file stddef.h exists passed with the following output:
Change Dir: /home/jason/Desktop/Work5-SDR/libiio-android/android-libiio/build/CMakeFiles/CMakeTmp

Run Build Command:"/usr/bin/make" "cmTC_fa06f/fast"
/usr/bin/make -f CMakeFiles/cmTC_fa06f.dir/build.make CMakeFiles/cmTC_fa06f.dir/build
make[1]: Entering directory '/home/jason/Desktop/Work5-SDR/libiio-android/android-libiio/build/CMakeFiles/CMakeTmp'
Building C object CMakeFiles/cmTC_fa06f.dir/CheckIncludeFile.c.o
/usr/bin/cc   -fvisibility=hidden -Wall -Wextra -Wno-unused-parameter -Wpedantic -Wshadow    -o CMakeFiles/cmTC_fa06f.dir/CheckIncludeFile.c.o   -c /home/jason/Desktop/Work5-SDR/libiio-android/android-libiio/build/CMakeFiles/CMakeTmp/CheckIncludeFile.c
Linking C executable cmTC_fa06f
/usr/bin/cmake -E cmake_link_script CMakeFiles/cmTC_fa06f.dir/link.txt --verbose=1
/usr/bin/cc  -fvisibility=hidden -Wall -Wextra -Wno-unused-parameter -Wpedantic -Wshadow     -rdynamic CMakeFiles/cmTC_fa06f.dir/CheckIncludeFile.c.o  -o cmTC_fa06f 
make[1]: Leaving directory '/home/jason/Desktop/Work5-SDR/libiio-android/android-libiio/build/CMakeFiles/CMakeTmp'


Determining size of struct usb_functionfs_descs_head_v2 passed with the following output:
Change Dir: /home/jason/Desktop/Work5-SDR/libiio-android/android-libiio/build/CMakeFiles/CMakeTmp

Run Build Command:"/usr/bin/make" "cmTC_6484b/fast"
/usr/bin/make -f CMakeFiles/cmTC_6484b.dir/build.make CMakeFiles/cmTC_6484b.dir/build
make[1]: Entering directory '/home/jason/Desktop/Work5-SDR/libiio-android/android-libiio/build/CMakeFiles/CMakeTmp'
Building C object CMakeFiles/cmTC_6484b.dir/FUNCTIONFS_V2.c.o
/usr/bin/cc   -fvisibility=hidden -Wall -Wextra -Wno-unused-parameter -Wpedantic -Wshadow    -o CMakeFiles/cmTC_6484b.dir/FUNCTIONFS_V2.c.o   -c /home/jason/Desktop/Work5-SDR/libiio-android/android-libiio/build/CMakeFiles/CheckTypeSize/FUNCTIONFS_V2.c
Linking C executable cmTC_6484b
/usr/bin/cmake -E cmake_link_script CMakeFiles/cmTC_6484b.dir/link.txt --verbose=1
/usr/bin/cc  -fvisibility=hidden -Wall -Wextra -Wno-unused-parameter -Wpedantic -Wshadow     -rdynamic CMakeFiles/cmTC_6484b.dir/FUNCTIONFS_V2.c.o  -o cmTC_6484b 
make[1]: Leaving directory '/home/jason/Desktop/Work5-SDR/libiio-android/android-libiio/build/CMakeFiles/CMakeTmp'


